c:\users\aaron\source\repos\gvzork\gvzork\x64\debug\vc143.pdb
c:\users\aaron\source\repos\gvzork\gvzork\x64\debug\vc143.idb
c:\users\aaron\source\repos\gvzork\gvzork\x64\debug\source.obj
c:\users\aaron\source\repos\gvzork\gvzork\x64\debug\npc.obj
c:\users\aaron\source\repos\gvzork\gvzork\x64\debug\location.obj
c:\users\aaron\source\repos\gvzork\gvzork\x64\debug\item.obj
c:\users\aaron\source\repos\gvzork\gvzork\x64\debug\gameobject.obj
c:\users\aaron\source\repos\gvzork\gvzork\x64\debug\errors.obj
c:\users\aaron\source\repos\gvzork\gvzork\x64\debug\player.obj
c:\users\aaron\source\repos\gvzork\gvzork\x64\debug\game.obj
c:\users\aaron\source\repos\gvzork\x64\debug\gvzork.pdb
c:\users\aaron\source\repos\gvzork\gvzork\x64\debug\gvzork.tlog\cl.command.1.tlog
c:\users\aaron\source\repos\gvzork\gvzork\x64\debug\gvzork.tlog\cl.read.1.tlog
c:\users\aaron\source\repos\gvzork\gvzork\x64\debug\gvzork.tlog\cl.write.1.tlog
c:\users\aaron\source\repos\gvzork\gvzork\x64\debug\gvzork.tlog\link-cvtres.read.1.tlog
c:\users\aaron\source\repos\gvzork\gvzork\x64\debug\gvzork.tlog\link-cvtres.write.1.tlog
c:\users\aaron\source\repos\gvzork\gvzork\x64\debug\gvzork.tlog\link-rc.read.1.tlog
c:\users\aaron\source\repos\gvzork\gvzork\x64\debug\gvzork.tlog\link-rc.write.1.tlog
c:\users\aaron\source\repos\gvzork\gvzork\x64\debug\gvzork.tlog\link.command.1.tlog
c:\users\aaron\source\repos\gvzork\gvzork\x64\debug\gvzork.tlog\link.read.1.tlog
c:\users\aaron\source\repos\gvzork\gvzork\x64\debug\gvzork.tlog\link.read.2.tlog
c:\users\aaron\source\repos\gvzork\gvzork\x64\debug\gvzork.tlog\link.read.3.tlog
c:\users\aaron\source\repos\gvzork\gvzork\x64\debug\gvzork.tlog\link.read.4.tlog
c:\users\aaron\source\repos\gvzork\gvzork\x64\debug\gvzork.tlog\link.read.5.tlog
c:\users\aaron\source\repos\gvzork\gvzork\x64\debug\gvzork.tlog\link.write.1.tlog
