  Errors.cpp
  Game.cpp
C:\Users\Aaron\source\repos\GVZork\GVZork\Game.cpp(17,18): warning C4267: 'initializing': conversion from 'size_t' to 'int', possible loss of data
C:\Users\Aaron\source\repos\GVZork\GVZork\Game.cpp(18,20): warning C4267: 'initializing': conversion from 'size_t' to 'int', possible loss of data
C:\Users\Aaron\source\repos\GVZork\GVZork\Game.cpp(75,15): warning C4267: 'initializing': conversion from 'size_t' to 'int', possible loss of data
C:\Users\Aaron\source\repos\GVZork\GVZork\Game.cpp(86,75): warning C4244: 'argument': conversion from '_Rep' to 'unsigned int', possible loss of data
C:\Users\Aaron\source\repos\GVZork\GVZork\Game.cpp(86,75): warning C4244:         with
C:\Users\Aaron\source\repos\GVZork\GVZork\Game.cpp(86,75): warning C4244:         [
C:\Users\Aaron\source\repos\GVZork\GVZork\Game.cpp(86,75): warning C4244:             _Rep=std::chrono::system_clock::rep
C:\Users\Aaron\source\repos\GVZork\GVZork\Game.cpp(86,75): warning C4244:         ]
C:\Users\Aaron\source\repos\GVZork\GVZork\Game.cpp(89,68): warning C4267: 'argument': conversion from 'size_t' to '_Ty', possible loss of data
C:\Users\Aaron\source\repos\GVZork\GVZork\Game.cpp(89,68): warning C4267:         with
C:\Users\Aaron\source\repos\GVZork\GVZork\Game.cpp(89,68): warning C4267:         [
C:\Users\Aaron\source\repos\GVZork\GVZork\Game.cpp(89,68): warning C4267:             _Ty=int
C:\Users\Aaron\source\repos\GVZork\GVZork\Game.cpp(89,68): warning C4267:         ]
C:\Program Files\Microsoft Visual Studio\2022\Community\VC\Tools\MSVC\14.42.34433\include\xutility(6040,21): error C2676: binary '==': 'Location' does not define this operator or a conversion to a type acceptable to the predefined operator
  (compiling source file 'Game.cpp')
      C:\Program Files\Microsoft Visual Studio\2022\Community\VC\Tools\MSVC\14.42.34433\include\xutility(4395,5):
      could be 'bool std::operator ==(const std::move_iterator<_Iter> &,const std::move_iterator<_Iter2> &) noexcept(<expr>)'
          C:\Program Files\Microsoft Visual Studio\2022\Community\VC\Tools\MSVC\14.42.34433\include\xutility(6040,13):
          'bool std::operator ==(const std::move_iterator<_Iter> &,const std::move_iterator<_Iter2> &) noexcept(<expr>)': could not deduce template argument for 'const std::move_iterator<_Iter> &' from 'Location'
      C:\Program Files\Microsoft Visual Studio\2022\Community\VC\Tools\MSVC\14.42.34433\include\xutility(1846,5):
      or       'bool std::operator ==(const std::reverse_iterator<_BidIt> &,const std::reverse_iterator<_BidIt2> &) noexcept(<expr>)'
          C:\Program Files\Microsoft Visual Studio\2022\Community\VC\Tools\MSVC\14.42.34433\include\xutility(6040,13):
          'bool std::operator ==(const std::reverse_iterator<_BidIt> &,const std::reverse_iterator<_BidIt2> &) noexcept(<expr>)': could not deduce template argument for 'const std::reverse_iterator<_BidIt> &' from 'Location'
      C:\Program Files\Microsoft Visual Studio\2022\Community\VC\Tools\MSVC\14.42.34433\include\tuple(850,27):
      or       'bool std::operator ==(const std::tuple<_Types...> &,const std::tuple<_Types...> &)'
          C:\Program Files\Microsoft Visual Studio\2022\Community\VC\Tools\MSVC\14.42.34433\include\xutility(6040,13):
          'bool std::operator ==(const std::tuple<_Types...> &,const std::tuple<_Types...> &)': could not deduce template argument for 'const std::tuple<_Types...> &' from 'Location'
      C:\Program Files\Microsoft Visual Studio\2022\Community\VC\Tools\MSVC\14.42.34433\include\utility(494,27):
      or       'bool std::operator ==(const std::pair<_Ty1,_Ty2> &,const std::pair<_Uty1,_Uty2> &)'
          C:\Program Files\Microsoft Visual Studio\2022\Community\VC\Tools\MSVC\14.42.34433\include\xutility(6040,13):
          'bool std::operator ==(const std::pair<_Ty1,_Ty2> &,const std::pair<_Uty1,_Uty2> &)': could not deduce template argument for 'const std::pair<_Ty1,_Ty2> &' from 'Location'
      C:\Program Files\Microsoft Visual Studio\2022\Community\VC\Tools\MSVC\14.42.34433\include\utility(494,27):
      or       'bool std::operator ==(const std::pair<_Ty1,_Ty2> &,const std::pair<_Uty1,_Uty2> &)'
          C:\Program Files\Microsoft Visual Studio\2022\Community\VC\Tools\MSVC\14.42.34433\include\xutility(6040,13):
          'bool std::operator ==(const std::pair<_Ty1,_Ty2> &,const std::pair<_Uty1,_Uty2> &)': could not deduce template argument for 'const std::pair<_Ty1,_Ty2> &' from 'Location'
      C:\Program Files\Microsoft Visual Studio\2022\Community\VC\Tools\MSVC\14.42.34433\include\tuple(850,27):
      or       'bool std::operator ==(const std::tuple<_Types...> &,const std::tuple<_Types...> &)'
          C:\Program Files\Microsoft Visual Studio\2022\Community\VC\Tools\MSVC\14.42.34433\include\xutility(6040,13):
          'bool std::operator ==(const std::tuple<_Types...> &,const std::tuple<_Types...> &)': could not deduce template argument for 'const std::tuple<_Types...> &' from 'Location'
      C:\Program Files\Microsoft Visual Studio\2022\Community\VC\Tools\MSVC\14.42.34433\include\xutility(1846,5):
      or       'bool std::operator ==(const std::reverse_iterator<_BidIt> &,const std::reverse_iterator<_BidIt2> &) noexcept(<expr>)'
          C:\Program Files\Microsoft Visual Studio\2022\Community\VC\Tools\MSVC\14.42.34433\include\xutility(6040,13):
          'bool std::operator ==(const std::reverse_iterator<_BidIt> &,const std::reverse_iterator<_BidIt2> &) noexcept(<expr>)': could not deduce template argument for 'const std::reverse_iterator<_BidIt> &' from 'Location'
      C:\Program Files\Microsoft Visual Studio\2022\Community\VC\Tools\MSVC\14.42.34433\include\xutility(4395,5):
      or       'bool std::operator ==(const std::move_iterator<_Iter> &,const std::move_iterator<_Iter2> &) noexcept(<expr>)'
          C:\Program Files\Microsoft Visual Studio\2022\Community\VC\Tools\MSVC\14.42.34433\include\xutility(6040,13):
          'bool std::operator ==(const std::move_iterator<_Iter> &,const std::move_iterator<_Iter2> &) noexcept(<expr>)': could not deduce template argument for 'const std::move_iterator<_Iter> &' from 'Location'
      C:\Program Files\Microsoft Visual Studio\2022\Community\VC\Tools\MSVC\14.42.34433\include\xmemory(1014,30):
      or       'bool std::operator ==(const std::allocator<_Ty> &,const std::allocator<_Other> &) noexcept'
          C:\Program Files\Microsoft Visual Studio\2022\Community\VC\Tools\MSVC\14.42.34433\include\xutility(6040,13):
          'bool std::operator ==(const std::allocator<_Ty> &,const std::allocator<_Other> &) noexcept': could not deduce template argument for 'const std::allocator<_Ty> &' from 'Location'
      C:\Program Files\Microsoft Visual Studio\2022\Community\VC\Tools\MSVC\14.42.34433\include\map(400,17):
      or       'bool std::operator ==(const std::map<_Kty,_Ty,_Pr,_Alloc> &,const std::map<_Kty,_Ty,_Pr,_Alloc> &)'
          C:\Program Files\Microsoft Visual Studio\2022\Community\VC\Tools\MSVC\14.42.34433\include\xutility(6040,13):
          'bool std::operator ==(const std::map<_Kty,_Ty,_Pr,_Alloc> &,const std::map<_Kty,_Ty,_Pr,_Alloc> &)': could not deduce template argument for 'const std::map<_Kty,_Ty,_Pr,_Alloc> &' from 'Location'
      C:\Program Files\Microsoft Visual Studio\2022\Community\VC\Tools\MSVC\14.42.34433\include\map(631,17):
      or       'bool std::operator ==(const std::multimap<_Kty,_Ty,_Pr,_Alloc> &,const std::multimap<_Kty,_Ty,_Pr,_Alloc> &)'
          C:\Program Files\Microsoft Visual Studio\2022\Community\VC\Tools\MSVC\14.42.34433\include\xutility(6040,13):
          'bool std::operator ==(const std::multimap<_Kty,_Ty,_Pr,_Alloc> &,const std::multimap<_Kty,_Ty,_Pr,_Alloc> &)': could not deduce template argument for 'const std::multimap<_Kty,_Ty,_Pr,_Alloc> &' from 'Location'
      C:\Program Files\Microsoft Visual Studio\2022\Community\VC\Tools\MSVC\14.42.34433\include\xstring(3232,30):
      or       'bool std::operator ==(const std::basic_string<_Elem,_Traits,_Alloc> &,const std::basic_string<_Elem,_Traits,_Alloc> &) noexcept'
          C:\Program Files\Microsoft Visual Studio\2022\Community\VC\Tools\MSVC\14.42.34433\include\xutility(6040,13):
          'bool std::operator ==(const std::basic_string<_Elem,_Traits,_Alloc> &,const std::basic_string<_Elem,_Traits,_Alloc> &) noexcept': could not deduce template argument for 'const std::basic_string<_Elem,_Traits,_Alloc> &' from 'Location'
      C:\Program Files\Microsoft Visual Studio\2022\Community\VC\Tools\MSVC\14.42.34433\include\xstring(3238,30):
      or       'bool std::operator ==(const std::basic_string<_Elem,_Traits,_Alloc> &,const _Elem *const ) noexcept'
          C:\Program Files\Microsoft Visual Studio\2022\Community\VC\Tools\MSVC\14.42.34433\include\xutility(6040,13):
          'bool std::operator ==(const std::basic_string<_Elem,_Traits,_Alloc> &,const _Elem *const ) noexcept': could not deduce template argument for 'const std::basic_string<_Elem,_Traits,_Alloc> &' from 'Location'
      C:\Program Files\Microsoft Visual Studio\2022\Community\VC\Tools\MSVC\14.42.34433\include\xstring(3257,17):
      or       'bool std::operator ==(const _Elem *const ,const std::basic_string<_Elem,_Traits,_Alloc> &) noexcept'
          C:\Program Files\Microsoft Visual Studio\2022\Community\VC\Tools\MSVC\14.42.34433\include\xutility(6040,13):
          'bool std::operator ==(const _Elem *const ,const std::basic_string<_Elem,_Traits,_Alloc> &) noexcept': could not deduce template argument for 'const _Elem *const ' from 'Location'
      C:\Program Files\Microsoft Visual Studio\2022\Community\VC\Tools\MSVC\14.42.34433\include\vector(2223,30):
      or       'bool std::operator ==(const std::vector<_Ty,_Alloc> &,const std::vector<_Ty,_Alloc> &)'
          C:\Program Files\Microsoft Visual Studio\2022\Community\VC\Tools\MSVC\14.42.34433\include\xutility(6040,13):
          'bool std::operator ==(const std::vector<_Ty,_Alloc> &,const std::vector<_Ty,_Alloc> &)': could not deduce template argument for 'const std::vector<_Ty,_Alloc> &' from 'Location'
      C:\Program Files\Microsoft Visual Studio\2022\Community\VC\Tools\MSVC\14.42.34433\include\iterator(306,17):
      or       'bool std::operator ==(const std::istream_iterator<_Ty,_Elem,_Traits,_Diff> &,const std::istream_iterator<_Ty,_Elem,_Traits,_Diff> &) noexcept'
          C:\Program Files\Microsoft Visual Studio\2022\Community\VC\Tools\MSVC\14.42.34433\include\xutility(6040,13):
          'bool std::operator ==(const std::istream_iterator<_Ty,_Elem,_Traits,_Diff> &,const std::istream_iterator<_Ty,_Elem,_Traits,_Diff> &) noexcept': could not deduce template argument for 'const std::istream_iterator<_Ty,_Elem,_Traits,_Diff> &' from 'Location'
      C:\Program Files\Microsoft Visual Studio\2022\Community\VC\Tools\MSVC\14.42.34433\include\iterator(488,17):
      or       'bool std::operator ==(const std::istreambuf_iterator<_Elem,_Traits> &,const std::istreambuf_iterator<_Elem,_Traits> &)'
          C:\Program Files\Microsoft Visual Studio\2022\Community\VC\Tools\MSVC\14.42.34433\include\xutility(6040,13):
          'bool std::operator ==(const std::istreambuf_iterator<_Elem,_Traits> &,const std::istreambuf_iterator<_Elem,_Traits> &)': could not deduce template argument for 'const std::istreambuf_iterator<_Elem,_Traits> &' from 'Location'
      C:\Program Files\Microsoft Visual Studio\2022\Community\VC\Tools\MSVC\14.42.34433\include\memory(1875,17):
      or       'bool std::operator ==(const std::shared_ptr<_Ty> &,const std::shared_ptr<_Ty0> &) noexcept'
          C:\Program Files\Microsoft Visual Studio\2022\Community\VC\Tools\MSVC\14.42.34433\include\xutility(6040,13):
          'bool std::operator ==(const std::shared_ptr<_Ty> &,const std::shared_ptr<_Ty0> &) noexcept': could not deduce template argument for 'const std::shared_ptr<_Ty> &' from 'Location'
      C:\Program Files\Microsoft Visual Studio\2022\Community\VC\Tools\MSVC\14.42.34433\include\memory(1912,17):
      or       'bool std::operator ==(const std::shared_ptr<_Ty> &,std::nullptr_t) noexcept'
          C:\Program Files\Microsoft Visual Studio\2022\Community\VC\Tools\MSVC\14.42.34433\include\xutility(6040,13):
          'bool std::operator ==(const std::shared_ptr<_Ty> &,std::nullptr_t) noexcept': could not deduce template argument for 'const std::shared_ptr<_Ty> &' from 'Location'
      C:\Program Files\Microsoft Visual Studio\2022\Community\VC\Tools\MSVC\14.42.34433\include\memory(1923,17):
      or       'bool std::operator ==(std::nullptr_t,const std::shared_ptr<_Ty> &) noexcept'
          C:\Program Files\Microsoft Visual Studio\2022\Community\VC\Tools\MSVC\14.42.34433\include\xutility(6040,13):
          'bool std::operator ==(std::nullptr_t,const std::shared_ptr<_Ty> &) noexcept': could not deduce template argument for 'const std::shared_ptr<_Ty> &' from 'const _Ty'
          with
          [
              _Ty=std::string
          ]
      C:\Program Files\Microsoft Visual Studio\2022\Community\VC\Tools\MSVC\14.42.34433\include\memory(3633,30):
      or       'bool std::operator ==(const std::unique_ptr<_Ty,_Dx> &,const std::unique_ptr<_Ty2,_Dx2> &)'
          C:\Program Files\Microsoft Visual Studio\2022\Community\VC\Tools\MSVC\14.42.34433\include\xutility(6040,13):
          'bool std::operator ==(const std::unique_ptr<_Ty,_Dx> &,const std::unique_ptr<_Ty2,_Dx2> &)': could not deduce template argument for 'const std::unique_ptr<_Ty,_Dx> &' from 'Location'
      C:\Program Files\Microsoft Visual Studio\2022\Community\VC\Tools\MSVC\14.42.34433\include\memory(3681,30):
      or       'bool std::operator ==(const std::unique_ptr<_Ty,_Dx> &,std::nullptr_t) noexcept'
          C:\Program Files\Microsoft Visual Studio\2022\Community\VC\Tools\MSVC\14.42.34433\include\xutility(6040,13):
          'bool std::operator ==(const std::unique_ptr<_Ty,_Dx> &,std::nullptr_t) noexcept': could not deduce template argument for 'const std::unique_ptr<_Ty,_Dx> &' from 'Location'
      C:\Program Files\Microsoft Visual Studio\2022\Community\VC\Tools\MSVC\14.42.34433\include\memory(3687,17):
      or       'bool std::operator ==(std::nullptr_t,const std::unique_ptr<_Ty,_Dx> &) noexcept'
          C:\Program Files\Microsoft Visual Studio\2022\Community\VC\Tools\MSVC\14.42.34433\include\xutility(6040,13):
          'bool std::operator ==(std::nullptr_t,const std::unique_ptr<_Ty,_Dx> &) noexcept': could not deduce template argument for 'const std::unique_ptr<_Ty,_Dx> &' from 'const _Ty'
          with
          [
              _Ty=std::string
          ]
      C:\Program Files\Microsoft Visual Studio\2022\Community\VC\Tools\MSVC\14.42.34433\include\xutility(6040,21):
      the template instantiation context (the oldest one first) is
          C:\Users\Aaron\source\repos\GVZork\GVZork\Game.cpp(35,22):
          see reference to function template instantiation '_InIt std::find<std::_Vector_iterator<std::_Vector_val<std::_Simple_types<_Ty>>>,_Ty2>(_InIt,const _InIt,const std::basic_string<char,std::char_traits<char>,std::allocator<char>> &)' being compiled
          with
          [
              _InIt=std::_Vector_iterator<std::_Vector_val<std::_Simple_types<Location>>>,
              _Ty=Location,
              _Ty2=std::string
          ]
          C:\Program Files\Microsoft Visual Studio\2022\Community\VC\Tools\MSVC\14.42.34433\include\xutility(6054,41):
          see reference to function template instantiation '_InIt std::_Find_unchecked<Location*,_Ty>(_InIt,const _InIt,const _Ty &)' being compiled
          with
          [
              _InIt=Location *,
              _Ty=std::string
          ]
  
  Item.cpp
  Location.cpp
  NPC.cpp
  Player.cpp
  Source.cpp
C:\Program Files\Microsoft Visual Studio\2022\Community\VC\Tools\MSVC\14.42.34433\include\xmemory(700,82): error C2665: 'std::pair<const std::string,std::string>::pair': no overloaded function could convert all the argument types
  (compiling source file 'Source.cpp')
      C:\Program Files\Microsoft Visual Studio\2022\Community\VC\Tools\MSVC\14.42.34433\include\utility(267,5):
      could be 'std::pair<const std::string,std::string>::pair(std::pair<const std::string,std::string> &&)'
          C:\Program Files\Microsoft Visual Studio\2022\Community\VC\Tools\MSVC\14.42.34433\include\xmemory(700,82):
          'std::pair<const std::string,std::string>::pair(std::pair<const std::string,std::string> &&)': cannot convert argument 1 from 'const char' to 'std::pair<const std::string,std::string> &&'
              C:\Program Files\Microsoft Visual Studio\2022\Community\VC\Tools\MSVC\14.42.34433\include\xmemory(700,103):
              Reason: cannot convert from 'const char' to 'std::pair<const std::string,std::string>'
      C:\Program Files\Microsoft Visual Studio\2022\Community\VC\Tools\MSVC\14.42.34433\include\utility(266,5):
      or       'std::pair<const std::string,std::string>::pair(const std::pair<const std::string,std::string> &)'
          C:\Program Files\Microsoft Visual Studio\2022\Community\VC\Tools\MSVC\14.42.34433\include\xmemory(700,82):
          'std::pair<const std::string,std::string>::pair(const std::pair<const std::string,std::string> &)': cannot convert argument 1 from 'const char' to 'const std::pair<const std::string,std::string> &'
              C:\Program Files\Microsoft Visual Studio\2022\Community\VC\Tools\MSVC\14.42.34433\include\xmemory(700,103):
              Reason: cannot convert from 'const char' to 'const std::pair<const std::string,std::string>'
      C:\Program Files\Microsoft Visual Studio\2022\Community\VC\Tools\MSVC\14.42.34433\include\utility(326,5):
      or       'std::pair<const std::string,std::string>::pair(std::piecewise_construct_t,std::tuple<_Types1...>,std::tuple<_Types2...>)'
          C:\Program Files\Microsoft Visual Studio\2022\Community\VC\Tools\MSVC\14.42.34433\include\xmemory(700,82):
          'std::pair<const std::string,std::string>::pair(std::piecewise_construct_t,std::tuple<_Types1...>,std::tuple<_Types2...>)': expects 3 arguments - 1 provided
      C:\Program Files\Microsoft Visual Studio\2022\Community\VC\Tools\MSVC\14.42.34433\include\utility(321,5):
      or       'std::pair<const std::string,std::string>::pair(_Tuple1 &,_Tuple2 &,std::integer_sequence<size_t,_Indices1...>,std::integer_sequence<size_t,_Indices2...>)'
          C:\Program Files\Microsoft Visual Studio\2022\Community\VC\Tools\MSVC\14.42.34433\include\xmemory(700,82):
          'std::pair<const std::string,std::string>::pair(_Tuple1 &,_Tuple2 &,std::integer_sequence<size_t,_Indices1...>,std::integer_sequence<size_t,_Indices2...>)': expects 4 arguments - 1 provided
      C:\Program Files\Microsoft Visual Studio\2022\Community\VC\Tools\MSVC\14.42.34433\include\utility(289,5):
      or       'std::pair<const std::string,std::string>::pair(std::pair<_Other1,_Other2> &&) noexcept(<expr>)'
          C:\Program Files\Microsoft Visual Studio\2022\Community\VC\Tools\MSVC\14.42.34433\include\xmemory(700,82):
          'std::pair<const std::string,std::string>::pair(std::pair<_Other1,_Other2> &&) noexcept(<expr>)': could not deduce template argument for 'std::pair<_Other1,_Other2> &&' from 'const char'
      C:\Program Files\Microsoft Visual Studio\2022\Community\VC\Tools\MSVC\14.42.34433\include\utility(281,5):
      or       'std::pair<const std::string,std::string>::pair(const std::pair<_Other1,_Other2> &) noexcept(<expr>)'
          C:\Program Files\Microsoft Visual Studio\2022\Community\VC\Tools\MSVC\14.42.34433\include\xmemory(700,82):
          'std::pair<const std::string,std::string>::pair(const std::pair<_Other1,_Other2> &) noexcept(<expr>)': could not deduce template argument for 'const std::pair<_Other1,_Other2> &' from 'const char'
      C:\Program Files\Microsoft Visual Studio\2022\Community\VC\Tools\MSVC\14.42.34433\include\utility(260,5):
      or       'std::pair<const std::string,std::string>::pair(_Other1 &&,_Other2 &&) noexcept(<expr>)'
          C:\Program Files\Microsoft Visual Studio\2022\Community\VC\Tools\MSVC\14.42.34433\include\xmemory(700,82):
          'std::pair<const std::string,std::string>::pair(_Other1 &&,_Other2 &&) noexcept(<expr>)': expects 2 arguments - 1 provided
      C:\Program Files\Microsoft Visual Studio\2022\Community\VC\Tools\MSVC\14.42.34433\include\utility(249,5):
      or       'std::pair<const std::string,std::string>::pair(_Ty1 &,const _Ty2 &) noexcept(<expr>)'
          with
          [
              _Ty1=const std::string,
              _Ty2=std::string
          ]
          C:\Program Files\Microsoft Visual Studio\2022\Community\VC\Tools\MSVC\14.42.34433\include\xmemory(700,82):
          'std::pair<const std::string,std::string>::pair(_Ty1 &,const _Ty2 &) noexcept(<expr>)': expects 2 arguments - 1 provided
          with
          [
              _Ty1=const std::string,
              _Ty2=std::string
          ]
      C:\Program Files\Microsoft Visual Studio\2022\Community\VC\Tools\MSVC\14.42.34433\include\utility(241,5):
      or       'std::pair<const std::string,std::string>::pair(void) noexcept(<expr>)'
          C:\Program Files\Microsoft Visual Studio\2022\Community\VC\Tools\MSVC\14.42.34433\include\xmemory(700,82):
          'std::pair<const std::string,std::string>::pair(void) noexcept(<expr>)': expects 0 arguments - 1 provided
      C:\Program Files\Microsoft Visual Studio\2022\Community\VC\Tools\MSVC\14.42.34433\include\xmemory(700,82):
      while trying to match the argument list '(const char)'
      C:\Program Files\Microsoft Visual Studio\2022\Community\VC\Tools\MSVC\14.42.34433\include\xmemory(700,82):
      the template instantiation context (the oldest one first) is
          C:\Users\Aaron\source\repos\GVZork\GVZork\Game.h(53,94):
          see reference to function template instantiation 'std::map<std::string,std::string,std::less<std::string>,std::allocator<std::pair<const std::string,std::string>>>::map<const char*>(_Iter,_Iter)' being compiled
          with
          [
              _Iter=const char *
          ]
              C:\Users\Aaron\source\repos\GVZork\GVZork\Game.h(53,80):
              see the first reference to 'std::map<std::string,std::string,std::less<std::string>,std::allocator<std::pair<const std::string,std::string>>>::map' in 'void __cdecl `dynamic initializer for 'locNeighbors''(void)'
          C:\Program Files\Microsoft Visual Studio\2022\Community\VC\Tools\MSVC\14.42.34433\include\map(120,9):
          see reference to function template instantiation 'void std::_Tree<std::_Tmap_traits<_Kty,_Ty,_Pr,_Alloc,false>>::insert<_Iter>(_Iter,_Iter)' being compiled
          with
          [
              _Kty=std::string,
              _Ty=std::string,
              _Pr=std::less<std::string>,
              _Alloc=std::allocator<std::pair<const std::string,std::string>>,
              _Iter=const char *
          ]
          C:\Program Files\Microsoft Visual Studio\2022\Community\VC\Tools\MSVC\14.42.34433\include\xtree(1274,9):
          see reference to function template instantiation 'void std::_Tree<std::_Tmap_traits<_Kty,_Ty,_Pr,_Alloc,false>>::_Insert_range_unchecked<_Iter,_Iter>(_Iter,const _Sent)' being compiled
          with
          [
              _Kty=std::string,
              _Ty=std::string,
              _Pr=std::less<std::string>,
              _Alloc=std::allocator<std::pair<const std::string,std::string>>,
              _Iter=const char *,
              _Sent=const char *
          ]
          C:\Program Files\Microsoft Visual Studio\2022\Community\VC\Tools\MSVC\14.42.34433\include\xtree(1266,13):
          see reference to function template instantiation 'std::_Tree_node<std::pair<const std::string,std::string>,std::_Default_allocator_traits<_Alloc>::void_pointer> *std::_Tree<std::_Tmap_traits<_Kty,_Ty,_Pr,_Alloc,false>>::_Emplace_hint<const char&>(std::_Tree_node<std::pair<const std::string,std::string>,std::_Default_allocator_traits<_Alloc>::void_pointer> *const ,const char &)' being compiled
          with
          [
              _Alloc=std::allocator<std::pair<const std::string,std::string>>,
              _Kty=std::string,
              _Ty=std::string,
              _Pr=std::less<std::string>
          ]
          C:\Program Files\Microsoft Visual Studio\2022\Community\VC\Tools\MSVC\14.42.34433\include\xtree(1059,46):
          see reference to function template instantiation 'std::_Tree_temp_node<std::allocator<std::_Tree_node<std::pair<const std::string,std::string>,std::_Default_allocator_traits<_Alloc>::void_pointer>>>::_Tree_temp_node<const char&>(_Alnode &,std::_Tree_node<std::pair<const std::string,std::string>,std::_Default_allocator_traits<_Alloc>::void_pointer> *,const char &)' being compiled
          with
          [
              _Alloc=std::allocator<std::pair<const std::string,std::string>>,
              _Alnode=std::allocator<std::_Tree_node<std::pair<const std::string,std::string>,std::_Default_allocator_traits<std::allocator<std::pair<const std::string,std::string>>>::void_pointer>>
          ]
          C:\Program Files\Microsoft Visual Studio\2022\Community\VC\Tools\MSVC\14.42.34433\include\xtree(820,25):
          see reference to function template instantiation 'void std::_Default_allocator_traits<_Alloc>::construct<_Ty,const char&>(_Alloc &,_Objty *const ,const char &)' being compiled
          with
          [
              _Alloc=std::allocator<std::_Tree_node<std::pair<const std::string,std::string>,std::_Default_allocator_traits<std::allocator<std::pair<const std::string,std::string>>>::void_pointer>>,
              _Ty=std::pair<const std::string,std::string>,
              _Objty=std::pair<const std::string,std::string>
          ]
  
  Generating Code...
